<?xml version="1.0" encoding="UTF-8"?>
<!-- Generated by org.testng.reporters.JUnitReportReporter -->
<testsuite hostname="LIN41004666" failures="0" tests="2" name="testrunner.LoginPage3" time="91.428" errors="1" timestamp="2023-06-06T14:28:29 IST" skipped="0">
  <testcase classname="testrunner.LoginPage3" name="runScenario" time="18.349">
    <error message="element click intercepted: Element &lt;span class=&quot;spriteIcon-Firstfold profileIcon&quot;&gt;&lt;/span&gt; is not clickable at point (1148, 58). Other element would receive the click: &lt;iframe marginheight=&quot;0&quot; marginwidth=&quot;0&quot; class=&quot;__st_preview_frame_bpn&quot; style=&quot;display: block; z-index: 16776272; height:100%; width:100%; position: fixed; visibility: visible; top: 0; overflow: hidden; bottom:0;&quot; frameborder=&quot;0&quot;&gt;&lt;/iframe&gt;
  (Session info: chrome=114.0.5735.110)
Build info: version: &#039;4.9.0&#039;, revision: &#039;d7057100a6&#039;
System info: os.name: &#039;Windows 10&#039;, os.arch: &#039;amd64&#039;, os.version: &#039;10.0&#039;, java.version: &#039;17.0.7&#039;
Driver info: org.openqa.selenium.chrome.ChromeDriver
Command: [00b07a17ca11a45ad0709a11475d92d8, clickElement {id=1D15A839166A9F518BBF0CF9964C341A_element_8}]
Capabilities {acceptInsecureCerts: false, browserName: chrome, browserVersion: 114.0.5735.110, chrome: {chromedriverVersion: 113.0.5672.63 (0e1a4471d5ae..., userDataDir: C:\Program Files (x86)\scop...}, goog:chromeOptions: {debuggerAddress: localhost:63331}, networkConnectionEnabled: false, pageLoadStrategy: normal, platformName: WINDOWS, proxy: Proxy(), se:cdp: ws://localhost:63331/devtoo..., se:cdpVersion: 114.0.5735.110, setWindowRect: true, strictFileInteractability: false, timeouts: {implicit: 0, pageLoad: 300000, script: 30000}, unhandledPromptBehavior: dismiss and notify, webauthn:extension:credBlob: true, webauthn:extension:largeBlob: true, webauthn:extension:minPinLength: true, webauthn:extension:prf: true, webauthn:virtualAuthenticators: true}
Element: [[ChromeDriver: chrome on WINDOWS (00b07a17ca11a45ad0709a11475d92d8)] -&gt; xpath: /html/body/div[1]/div/div[1]/div/div/header/div[2]/div[2]/div[1]/a[1]/span]
Session ID: 00b07a17ca11a45ad0709a11475d92d8" type="org.openqa.selenium.ElementClickInterceptedException">
      <![CDATA[org.openqa.selenium.ElementClickInterceptedException: element click intercepted: Element <span class="spriteIcon-Firstfold profileIcon"></span> is not clickable at point (1148, 58). Other element would receive the click: <iframe marginheight="0" marginwidth="0" class="__st_preview_frame_bpn" style="display: block; z-index: 16776272; height:100%; width:100%; position: fixed; visibility: visible; top: 0; overflow: hidden; bottom:0;" frameborder="0"></iframe>
  (Session info: chrome=114.0.5735.110)
Build info: version: '4.9.0', revision: 'd7057100a6'
System info: os.name: 'Windows 10', os.arch: 'amd64', os.version: '10.0', java.version: '17.0.7'
Driver info: org.openqa.selenium.chrome.ChromeDriver
Command: [00b07a17ca11a45ad0709a11475d92d8, clickElement {id=1D15A839166A9F518BBF0CF9964C341A_element_8}]
Capabilities {acceptInsecureCerts: false, browserName: chrome, browserVersion: 114.0.5735.110, chrome: {chromedriverVersion: 113.0.5672.63 (0e1a4471d5ae..., userDataDir: C:\Program Files (x86)\scop...}, goog:chromeOptions: {debuggerAddress: localhost:63331}, networkConnectionEnabled: false, pageLoadStrategy: normal, platformName: WINDOWS, proxy: Proxy(), se:cdp: ws://localhost:63331/devtoo..., se:cdpVersion: 114.0.5735.110, setWindowRect: true, strictFileInteractability: false, timeouts: {implicit: 0, pageLoad: 300000, script: 30000}, unhandledPromptBehavior: dismiss and notify, webauthn:extension:credBlob: true, webauthn:extension:largeBlob: true, webauthn:extension:minPinLength: true, webauthn:extension:prf: true, webauthn:virtualAuthenticators: true}
Element: [[ChromeDriver: chrome on WINDOWS (00b07a17ca11a45ad0709a11475d92d8)] -> xpath: /html/body/div[1]/div/div[1]/div/div/header/div[2]/div[2]/div[1]/a[1]/span]
Session ID: 00b07a17ca11a45ad0709a11475d92d8
at java.base/jdk.internal.reflect.NativeConstructorAccessorImpl.newInstance0(Native Method)
at java.base/jdk.internal.reflect.NativeConstructorAccessorImpl.newInstance(NativeConstructorAccessorImpl.java:77)
at java.base/jdk.internal.reflect.DelegatingConstructorAccessorImpl.newInstance(DelegatingConstructorAccessorImpl.java:45)
at java.base/java.lang.reflect.Constructor.newInstanceWithCaller(Constructor.java:499)
at java.base/java.lang.reflect.Constructor.newInstance(Constructor.java:480)
at org.openqa.selenium.remote.codec.w3c.W3CHttpResponseCodec.createException(W3CHttpResponseCodec.java:200)
at org.openqa.selenium.remote.codec.w3c.W3CHttpResponseCodec.decode(W3CHttpResponseCodec.java:133)
at org.openqa.selenium.remote.codec.w3c.W3CHttpResponseCodec.decode(W3CHttpResponseCodec.java:53)
at org.openqa.selenium.remote.HttpCommandExecutor.execute(HttpCommandExecutor.java:193)
at org.openqa.selenium.remote.service.DriverCommandExecutor.invokeExecute(DriverCommandExecutor.java:183)
at org.openqa.selenium.remote.service.DriverCommandExecutor.execute(DriverCommandExecutor.java:158)
at org.openqa.selenium.remote.RemoteWebDriver.execute(RemoteWebDriver.java:543)
at org.openqa.selenium.remote.RemoteWebElement.execute(RemoteWebElement.java:257)
at org.openqa.selenium.remote.RemoteWebElement.click(RemoteWebElement.java:78)
at java.base/jdk.internal.reflect.NativeMethodAccessorImpl.invoke0(Native Method)
at java.base/jdk.internal.reflect.NativeMethodAccessorImpl.invoke(NativeMethodAccessorImpl.java:77)
at java.base/jdk.internal.reflect.DelegatingMethodAccessorImpl.invoke(DelegatingMethodAccessorImpl.java:43)
at java.base/java.lang.reflect.Method.invoke(Method.java:568)
at org.openqa.selenium.support.pagefactory.internal.LocatingElementHandler.invoke(LocatingElementHandler.java:52)
at jdk.proxy2/jdk.proxy2.$Proxy29.click(Unknown Source)
at pages.LandingPage.loginButtonOfLandingpage(LandingPage.java:41)
at loginpage3.stepdefinitions.LoginPage3.user_clicks_on_login_button(LoginPage3.java:42)
at âœ½.User clicks on login button(file:///C:/Users/ROMEDA/sprint-workspace/AsianPaints_LoginPage_Rohith/src/test/resources/Features/LoginPage3.feature:5)
]]>
    </error>
  </testcase> <!-- runScenario -->
  <system-out/>
  <testcase classname="testrunner.LoginPage3" name="runScenario" time="73.079"/>
  <system-out/>
</testsuite> <!-- testrunner.LoginPage3 -->
